INFO: [VRFC 10-163] Analyzing VHDL file "I:/Light_Sensor/Light_Sensor.srcs/sources_1/new/LIGHT_SENSOR.vhd" into library xil_defaultlib
INFO: [VRFC 10-3107] analyzing entity 'LIGHT_SENSOR'
INFO: [VRFC 10-163] Analyzing VHDL file "I:/EE478 LAB5/ClockGen.vhd" into library xil_defaultlib
INFO: [VRFC 10-3107] analyzing entity 'ClockGen'
INFO: [VRFC 10-163] Analyzing VHDL file "I:/EE478 LAB5/DVI_Constants.vhd" into library xil_defaultlib
INFO: [VRFC 10-163] Analyzing VHDL file "I:/EE478 LAB5/SyncAsync.vhd" into library xil_defaultlib
INFO: [VRFC 10-3107] analyzing entity 'SyncAsync'
INFO: [VRFC 10-163] Analyzing VHDL file "I:/EE478 LAB5/SyncAsyncReset.vhd" into library xil_defaultlib
INFO: [VRFC 10-3107] analyzing entity 'ResetBridge'
INFO: [VRFC 10-163] Analyzing VHDL file "I:/EE478 LAB5/OutputSERDES.vhd" into library xil_defaultlib
INFO: [VRFC 10-3107] analyzing entity 'OutputSERDES'
INFO: [VRFC 10-163] Analyzing VHDL file "I:/EE478 LAB5/TMDS_Encoder.vhd" into library xil_defaultlib
INFO: [VRFC 10-3107] analyzing entity 'TMDS_Encoder'
INFO: [VRFC 10-163] Analyzing VHDL file "I:/EE478 LAB5/rgb2dvi.vhd" into library xil_defaultlib
INFO: [VRFC 10-3107] analyzing entity 'rgb2dvi'
INFO: [VRFC 10-163] Analyzing VHDL file "I:/EE478 LAB5/Lab5.vhd" into library xil_defaultlib
INFO: [VRFC 10-3107] analyzing entity 'Lab5'
INFO: [VRFC 10-163] Analyzing VHDL file "I:/Light_Sensor/Light_Sensor.srcs/sources_1/new/SPI_MASTER.vhd" into library xil_defaultlib
INFO: [VRFC 10-3107] analyzing entity 'SPI_MASTER'
INFO: [VRFC 10-163] Analyzing VHDL file "I:/Light_Sensor/Light_Sensor.srcs/sim_1/new/ALS_TBENCH.vhd" into library xil_defaultlib
INFO: [VRFC 10-3107] analyzing entity 'ALS_TBENCH'
ERROR: [VRFC 10-3353] formal port 'reset_btn' has no actual or default value [I:/Light_Sensor/Light_Sensor.srcs/sim_1/new/ALS_TBENCH.vhd:59]
ERROR: [VRFC 10-3782] unit 'behavioral' ignored due to previous errors [I:/Light_Sensor/Light_Sensor.srcs/sim_1/new/ALS_TBENCH.vhd:38]
INFO: [VRFC 10-3070] VHDL file 'I:/Light_Sensor/Light_Sensor.srcs/sim_1/new/ALS_TBENCH.vhd' ignored due to errors
